<?xml version='1.0' encoding='UTF-8'?>
<testsuite hostname="Colms-MacBook-Pro.local" name="ProblemThreeMergeSortedCollectionsSpec" tests="4" errors="0" failures="0" skipped="0" time="0.018" timestamp="2023-07-25T16:05:51">
          <properties>
[...]
</properties>
          <testcase classname="ProblemThreeMergeSortedCollectionsSpec" name="mergeSorted should merge two lists and return a sorted list" time="0.016">
                      
                    </testcase><testcase classname="ProblemThreeMergeSortedCollectionsSpec" name="mergeSorted should merge two vectors and return a sorted vector" time="0.001">
                      
                    </testcase><testcase classname="ProblemThreeMergeSortedCollectionsSpec" name="mergeSorted should merge two options and return the smaller one" time="0.0">
                      
                    </testcase><testcase classname="ProblemThreeMergeSortedCollectionsSpec" name="mergeSorted should merge two backwards lists and return a sorted backwards list" time="0.001">
                      
                    </testcase>
          <system-out><![CDATA[]]></system-out>
          <system-err><![CDATA[]]></system-err>
        </testsuite>